21:38:29 ERROR login.php:45[main.main]: Email/password incorrecto
21:38:29 DEBUG login.php:60[main.main]: Cierra conexion a Base de datos
21:38:36 DEBUG login.php:27[main.main]: UsuarioDao Object
(
    [id] => 4
    [nombre] => Irving
    [apellidos] => Balan
    [email] => admin01@mail.com
    [password] => 
    [avatar] => http://ibexpro.com.mx/v2/build/images/user.png
    [tipo] => ItemCatalogo Object
        (
            [id] => 
            [descr] => 
        )

    [perfil] => ItemCatalogo Object
        (
            [id] => 
            [descr] => 
        )

    [estatus] => ItemCatalogo Object
        (
            [id] => 1
            [descr] => ACTIVO
        )

    [fechaInsert] => 
)

21:38:36 DEBUG login.php:29[main.main]: result: SUCCESS
21:38:36 DEBUG login.php:30[main.main]: session: ON
21:38:36 DEBUG login.php:32[main.main]: crea session
21:38:36 DEBUG login.php:60[main.main]: Cierra conexion a Base de datos
21:38:36 DEBUG Factory.php:15[Factory.exec]: Se encontraron: 10 registro(s)
21:38:36 DEBUG Factory.php:41[Factory.bind]: se obtuvieron: 10 registros de tipo: EmpresaDao
21:38:41 DEBUG Factory.php:15[Factory.exec]: Se encontraron: 1 registro(s)
21:38:41 DEBUG Factory.php:41[Factory.bind]: se obtuvieron: 1 registros de tipo: Periodo
21:38:41 DEBUG getperiodos.php:30[main.main]: Cierra conexion a Base de datos
21:38:43 DEBUG selempresa.php:29[main.main]: UsuarioDao Object
(
    [id] => 4
    [nombre] => Irving
    [apellidos] => Balan
    [email] => admin01@mail.com
    [password] => 
    [avatar] => http://ibexpro.com.mx/v2/build/images/user.png
    [tipo] => ItemCatalogo Object
        (
            [id] => 
            [descr] => 
        )

    [perfil] => ItemCatalogo Object
        (
            [id] => 1
            [descr] => ADMINISTRADOR
        )

    [estatus] => ItemCatalogo Object
        (
            [id] => 1
            [descr] => ACTIVO
        )

    [fechaInsert] => 
)

21:38:43 DEBUG selempresa.php:48[main.main]: Cierra conexion a Base de datos
21:38:43 DEBUG inventario.php:21[main.main]: misesion: 
21:38:43 DEBUG inventario.php:22[main.main]: UsuarioDao Object
(
    [id] => 4
    [nombre] => Irving
    [apellidos] => Balan
    [email] => admin01@mail.com
    [password] => 
    [avatar] => http://ibexpro.com.mx/v2/build/images/user.png
    [tipo] => ItemCatalogo Object
        (
            [id] => 
            [descr] => 
        )

    [perfil] => ItemCatalogo Object
        (
            [id] => 1
            [descr] => ADMINISTRADOR
        )

    [estatus] => ItemCatalogo Object
        (
            [id] => 1
            [descr] => ACTIVO
        )

    [fechaInsert] => 
)

21:38:43 DEBUG inventario.php:44[main.main]: debugging
21:38:43 DEBUG inventario.php:45[main.main]: Array
(
)

21:38:43 DEBUG Factory.php:15[Factory.exec]: Se encontraron: 145 registro(s)
21:38:43 DEBUG Factory.php:41[Factory.bind]: se obtuvieron: 145 registros de tipo: Clasificacion
21:38:43 DEBUG Factory.php:15[Factory.exec]: Se encontraron: 67 registro(s)
21:38:43 DEBUG Factory.php:41[Factory.bind]: se obtuvieron: 67 registros de tipo: Clasificacion
21:38:43 DEBUG Factory.php:15[Factory.exec]: Se encontraron: 10 registro(s)
21:38:43 DEBUG Factory.php:41[Factory.bind]: se obtuvieron: 10 registros de tipo: ItemCatalogo
21:38:43 DEBUG Factory.php:15[Factory.exec]: Se encontraron: 2 registro(s)
21:38:43 DEBUG Factory.php:41[Factory.bind]: se obtuvieron: 2 registros de tipo: ItemCatalogo
21:38:43 DEBUG Factory.php:15[Factory.exec]: Se encontraron: 7 registro(s)
21:38:43 DEBUG Factory.php:41[Factory.bind]: se obtuvieron: 7 registros de tipo: Uma
21:38:43 DEBUG Factory.php:15[Factory.exec]: Se encontraron: 43 registro(s)
21:38:43 DEBUG Factory.php:41[Factory.bind]: se obtuvieron: 43 registros de tipo: DepreciacionDao
21:38:43 DEBUG Factory.php:15[Factory.exec]: Se encontraron: 15 registro(s)
21:38:43 DEBUG Factory.php:41[Factory.bind]: se obtuvieron: 15 registros de tipo: ItemCatalogo
