02:43:06 DEBUG login.php:27[main.main]: UsuarioDao Object
(
    [id] => 4
    [nombre] => Irving
    [apellidos] => Balan
    [email] => admin01@mail.com
    [password] => 
    [avatar] => http://ibexpro.com.mx/v2/build/images/user.png
    [tipo] => ItemCatalogo Object
        (
            [id] => 
            [descr] => 
        )

    [perfil] => ItemCatalogo Object
        (
            [id] => 
            [descr] => 
        )

    [estatus] => ItemCatalogo Object
        (
            [id] => 1
            [descr] => ACTIVO
        )

    [fechaInsert] => 
)

02:43:06 DEBUG login.php:29[main.main]: result: SUCCESS
02:43:06 DEBUG login.php:30[main.main]: session: ON
02:43:06 DEBUG login.php:32[main.main]: crea session
02:43:06 DEBUG login.php:60[main.main]: Cierra conexion a Base de datos
02:43:07 DEBUG Factory.php:15[Factory.exec]: Se encontraron: 10 registro(s)
02:43:07 DEBUG Factory.php:41[Factory.bind]: se obtuvieron: 10 registros de tipo: EmpresaDao
02:43:10 DEBUG Factory.php:15[Factory.exec]: Se encontraron: 1 registro(s)
02:43:10 DEBUG Factory.php:41[Factory.bind]: se obtuvieron: 1 registros de tipo: Periodo
02:43:10 DEBUG getperiodos.php:30[main.main]: Cierra conexion a Base de datos
02:43:12 DEBUG selempresa.php:29[main.main]: UsuarioDao Object
(
    [id] => 4
    [nombre] => Irving
    [apellidos] => Balan
    [email] => admin01@mail.com
    [password] => 
    [avatar] => http://ibexpro.com.mx/v2/build/images/user.png
    [tipo] => ItemCatalogo Object
        (
            [id] => 
            [descr] => 
        )

    [perfil] => ItemCatalogo Object
        (
            [id] => 1
            [descr] => ADMINISTRADOR
        )

    [estatus] => ItemCatalogo Object
        (
            [id] => 1
            [descr] => ACTIVO
        )

    [fechaInsert] => 
)

02:43:12 DEBUG selempresa.php:48[main.main]: Cierra conexion a Base de datos
02:43:12 DEBUG inventario.php:21[main.main]: misesion: 
02:43:12 DEBUG inventario.php:22[main.main]: UsuarioDao Object
(
    [id] => 4
    [nombre] => Irving
    [apellidos] => Balan
    [email] => admin01@mail.com
    [password] => 
    [avatar] => http://ibexpro.com.mx/v2/build/images/user.png
    [tipo] => ItemCatalogo Object
        (
            [id] => 
            [descr] => 
        )

    [perfil] => ItemCatalogo Object
        (
            [id] => 1
            [descr] => ADMINISTRADOR
        )

    [estatus] => ItemCatalogo Object
        (
            [id] => 1
            [descr] => ACTIVO
        )

    [fechaInsert] => 
)

02:43:12 DEBUG inventario.php:44[main.main]: debugging
02:43:12 DEBUG inventario.php:45[main.main]: Array
(
)

02:43:12 DEBUG Factory.php:15[Factory.exec]: Se encontraron: 145 registro(s)
02:43:12 DEBUG Factory.php:41[Factory.bind]: se obtuvieron: 145 registros de tipo: Clasificacion
02:43:12 DEBUG Factory.php:15[Factory.exec]: Se encontraron: 67 registro(s)
02:43:12 DEBUG Factory.php:41[Factory.bind]: se obtuvieron: 67 registros de tipo: Clasificacion
02:43:12 DEBUG Factory.php:15[Factory.exec]: Se encontraron: 10 registro(s)
02:43:12 DEBUG Factory.php:41[Factory.bind]: se obtuvieron: 10 registros de tipo: ItemCatalogo
02:43:12 DEBUG Factory.php:15[Factory.exec]: Se encontraron: 2 registro(s)
02:43:12 DEBUG Factory.php:41[Factory.bind]: se obtuvieron: 2 registros de tipo: ItemCatalogo
02:43:12 DEBUG Factory.php:15[Factory.exec]: Se encontraron: 7 registro(s)
02:43:12 DEBUG Factory.php:41[Factory.bind]: se obtuvieron: 7 registros de tipo: Uma
02:43:12 DEBUG Factory.php:15[Factory.exec]: Se encontraron: 43 registro(s)
02:43:12 DEBUG Factory.php:41[Factory.bind]: se obtuvieron: 43 registros de tipo: DepreciacionDao
02:43:12 DEBUG Factory.php:15[Factory.exec]: Se encontraron: 15 registro(s)
02:43:12 DEBUG Factory.php:41[Factory.bind]: se obtuvieron: 15 registros de tipo: ItemCatalogo
02:43:15 DEBUG Factory.php:15[Factory.exec]: Se encontraron: 1 registro(s)
02:43:15 DEBUG Factory.php:41[Factory.bind]: se obtuvieron: 1 registros de tipo: Periodo
02:43:15 DEBUG Factory.php:15[Factory.exec]: Se encontraron: 14 registro(s)
02:43:15 DEBUG Factory.php:41[Factory.bind]: se obtuvieron: 14 registros de tipo: ItemCatalogo
02:43:15 DEBUG Factory.php:15[Factory.exec]: Se encontraron: 67 registro(s)
02:43:15 DEBUG Factory.php:41[Factory.bind]: se obtuvieron: 67 registros de tipo: Clasificacion
02:43:15 DEBUG Factory.php:15[Factory.exec]: Se encontraron: 145 registro(s)
02:43:15 DEBUG Factory.php:41[Factory.bind]: se obtuvieron: 145 registros de tipo: Clasificacion
02:43:15 DEBUG Factory.php:15[Factory.exec]: Se encontraron: 5 registro(s)
02:43:15 DEBUG Factory.php:41[Factory.bind]: se obtuvieron: 5 registros de tipo: ItemCatalogo
02:43:15 DEBUG Factory.php:15[Factory.exec]: Se encontraron: 7 registro(s)
02:43:15 DEBUG Factory.php:41[Factory.bind]: se obtuvieron: 7 registros de tipo: Uma
02:43:15 DEBUG Factory.php:15[Factory.exec]: Se encontraron: 15 registro(s)
02:43:15 DEBUG Factory.php:41[Factory.bind]: se obtuvieron: 15 registros de tipo: ItemCatalogo
02:43:15 DEBUG Factory.php:15[Factory.exec]: Se encontraron: 43 registro(s)
02:43:15 DEBUG Factory.php:41[Factory.bind]: se obtuvieron: 43 registros de tipo: DepreciacionDao
02:43:15 DEBUG Factory.php:15[Factory.exec]: Se encontraron: 10 registro(s)
02:43:15 DEBUG Factory.php:41[Factory.bind]: se obtuvieron: 10 registros de tipo: ItemCatalogo
02:43:15 DEBUG bien.php:521[main.main]: 
02:58:17 DEBUG DepartamentoDao.php:7[DepartamentoDao.find]: departamento.find
02:58:17 DEBUG DepartamentoDao.php:9[DepartamentoDao.find]: departamento: 440
02:58:17 DEBUG DepartamentoDao.php:10[DepartamentoDao.find]: empresa: 
02:58:17 DEBUG DepartamentoDao.php:11[DepartamentoDao.find]: periodo: 
02:58:17 DEBUG BienFactory.php:186[BienFactory.filtrado]: Array
(
    [0] => Array
        (
            [0] => :fk_id_empresa
            [1] => 15
            [2] => 1
        )

    [1] => Array
        (
            [0] => :fk_id_periodo
            [1] => 12
            [2] => 1
        )

    [2] => Array
        (
            [0] => :tipo_inventario
            [1] => 
            [2] => 2
        )

    [3] => Array
        (
            [0] => :fecha_inicio
            [1] => 
            [2] => 2
        )

    [4] => Array
        (
            [0] => :fecha_fin
            [1] => 
            [2] => 2
        )

    [5] => Array
        (
            [0] => :clasificacion_bi
            [1] => 
            [2] => 1
        )

    [6] => Array
        (
            [0] => :clasificacion_bm
            [1] => 
            [2] => 1
        )

    [7] => Array
        (
            [0] => :fk_id_departamento
            [1] => 440
            [2] => 1
        )

    [8] => Array
        (
            [0] => :fk_id_cat_estado_fisico
            [1] => 
            [2] => 1
        )

    [9] => Array
        (
            [0] => :fk_id_cat_estatus_inventario
            [1] => 1,2
            [2] => 1
        )

    [10] => Array
        (
            [0] => :tipo_fecha
            [1] => FECHA_INSERT
            [2] => 2
        )

    [11] => Array
        (
            [0] => :bandera
            [1] => 
            [2] => 1
        )

)

02:58:17 DEBUG Factory.php:15[Factory.exec]: Se encontraron: 10 registro(s)
02:58:17 DEBUG Factory.php:41[Factory.bind]: se obtuvieron: 10 registros de tipo: BienDao
